POST /api/admin/auth/add-medicine 404 167 - 8.121 ms Tue, 22 Oct 2024 05:58:02 GMT-,
POST /api/admin/manage-products/add-medicine 201 268 - 77.581 ms Tue, 22 Oct 2024 06:08:32 GMT-,
POST /api/admin/members/create-master-account 201 165 - 285.712 ms Tue, 22 Oct 2024 06:21:46 GMT-,
POST /api/admin/manage-products/add-medicine 401 54 - 4.576 ms Tue, 22 Oct 2024 07:31:12 GMT-,
POST /api/admin/manage-products/add-medicine 401 91 - 2.748 ms Tue, 22 Oct 2024 07:32:50 GMT-,
POST /api/admin/manage-products/add-medicine 401 54 - 13.582 ms Tue, 22 Oct 2024 07:33:18 GMT-,
POST /api/admin/auth/master-login 200 530 - 276.089 ms Tue, 22 Oct 2024 07:33:29 GMT-,
POST /api/admin/manage-products/add-medicine 201 325 - 297.885 ms Tue, 22 Oct 2024 07:38:36 GMT-,
GET /api/admin/manage-products/get-medicines-by-category 500 37 - 13.101 ms Tue, 22 Oct 2024 07:42:48 GMT-,
GET /api/admin/manage-products/get-medicines-by-category 500 37 - 2.992 ms Tue, 22 Oct 2024 07:43:18 GMT-,
GET /api/admin/manage-products/get-medicines-by-category 500 61 - 23.459 ms Tue, 22 Oct 2024 07:44:52 GMT-,
GET /api/admin/manage-products/get-medicines-by-category 400 78 - 8.304 ms Tue, 22 Oct 2024 07:48:55 GMT-,
GET /api/admin/manage-products/get-medicines-by-category?categoryName=Painkillers 404 59 - 133.633 ms Tue, 22 Oct 2024 07:50:19 GMT-,
GET /api/admin/manage-products/get-medicines-by-category?categoryName=Painkiller 200 342 - 8.002 ms Tue, 22 Oct 2024 07:50:22 GMT-,
POST /api/admin/manage-products/add-medicine 500 37 - 576.349 ms Tue, 22 Oct 2024 09:49:52 GMT-,
POST /api/admin/manage-products/add-medicine 500 61 - 62.098 ms Tue, 22 Oct 2024 09:51:08 GMT-,
POST /api/admin/manage-products/add-medicine 500 61 - 73.572 ms Tue, 22 Oct 2024 09:53:02 GMT-,
POST /api/admin/manage-products/add-medicine 409 66 - 126.436 ms Tue, 22 Oct 2024 09:56:17 GMT-,
POST /api/admin/manage-products/add-medicine 500 61 - 338.929 ms Tue, 22 Oct 2024 09:57:14 GMT-,
POST /api/admin/manage-products/add-medicine 201 473 - 423.322 ms Tue, 22 Oct 2024 10:01:18 GMT-,
GET /api/admin/manage-products/get-medicines-by-category?categoryName=Painkiller 200 356 - 146.708 ms Tue, 22 Oct 2024 10:01:50 GMT-,
GET /api/admin/manage-products/get-medicines-by-category?categoryName=Anti-inflammatory 404 59 - 120.139 ms Tue, 22 Oct 2024 10:02:15 GMT-,
GET /api/admin/manage-products/get-medicines-by-category?categoryName=fever 404 59 - 5.290 ms Tue, 22 Oct 2024 10:02:23 GMT-,
GET /api/admin/manage-products/get-medicines-by-category?categoryName=Fever 200 351 - 6.273 ms Tue, 22 Oct 2024 10:02:27 GMT-,
POST /api/admin/manage-products/add-medicine 201 473 - 451.824 ms Tue, 22 Oct 2024 10:07:33 GMT-,
POST /api/admin/manage-products/add-medicine 201 473 - 350.339 ms Tue, 22 Oct 2024 10:09:16 GMT-,
POST /api/admin/manage-products/add-medicine 201 652 - 513.160 ms Tue, 22 Oct 2024 10:16:56 GMT-,
POST /api/admin/manage-products/add-medicine 201 635 - 395.987 ms Tue, 22 Oct 2024 10:18:06 GMT-,
GET /api/admin/manage-products/get-medicines-by-category?categoryName=Fever 200 351 - 133.726 ms Tue, 22 Oct 2024 10:18:36 GMT-,
GET /api/admin/manage-products/get-medicines-by-category?categoryName=Painkiller 200 760 - 6.540 ms Tue, 22 Oct 2024 10:18:45 GMT-,
POST /api/admin/auth/master-login 200 537 - 309.746 ms Tue, 22 Oct 2024 10:51:09 GMT-,
POST /api/admin/auth/master-login 200 530 - 294.210 ms Tue, 22 Oct 2024 10:51:42 GMT-,
POST /api/user/auth/signup 201 423 - 166.854 ms Tue, 22 Oct 2024 13:08:58 GMT-,
POST /api/user/auth/login 200 411 - 159.750 ms Tue, 22 Oct 2024 13:10:42 GMT-,
